<?xml version="1.0" encoding="UTF-8"?>
<!-- Generated by org.testng.reporters.JUnitXMLReporter -->
<testsuite hostname="LGDN14993-W10" ignored="0" name="Selenium" tests="1" failures="1" timestamp="22 Jan 2021 06:42:36 GMT" time="16.219" errors="0">
  <testcase name="TC14" time="5.375" classname="Testcases.RailWay.bookticket.TC14_BookTicket">
    <failure type="java.lang.AssertionError" message="expected [true] but found [false]">
        <![CDATA[java.lang.AssertionError: expected [true] but found [false]
at Testcases.RailWay.bookticket.TC14_BookTicket.TC14(BookTicketCommonTest.java:39)
at com.intellij.rt.testng.IDEARemoteTestNG.run(IDEARemoteTestNG.java:66)
at com.intellij.rt.testng.RemoteTestNGStarter.main(RemoteTestNGStarter.java:109)
... Removed 28 stack frames]]>
    </failure>
  </testcase> <!-- TC14 -->
</testsuite> <!-- Selenium -->
