<?xml version="1.0" encoding="UTF-8"?>
<testng-results skipped="0" failed="2" ignored="0" total="13" passed="11">
  <reporter-output>
  </reporter-output>
  <suite name="Railway" duration-ms="221304" started-at="2021-01-29T09:03:25Z" finished-at="2021-01-29T09:07:07Z">
    <groups>
    </groups>
    <test name="Test" duration-ms="221304" started-at="2021-01-29T09:03:25Z" finished-at="2021-01-29T09:07:07Z">
      <class name="Testcases.RailWay.railways.TC05_LoginSeveralTimes">
        <test-method status="PASS" signature="beforeClass(java.lang.String)[pri:0, instance:Testcases.RailWay.railways.TC05_LoginSeveralTimes@50c87b21]" name="beforeClass" is-config="true" duration-ms="8853" started-at="2021-01-29T09:04:06Z" finished-at="2021-01-29T09:04:15Z">
          <params>
            <param index="0">
              <value>
                <![CDATA[Chrome]]>
              </value>
            </param>
          </params>
          <reporter-output>
          </reporter-output>
        </test-method> <!-- beforeClass -->
        <test-method status="FAIL" signature="TC05(java.util.Hashtable)[pri:0, instance:Testcases.RailWay.railways.TC05_LoginSeveralTimes@50c87b21]" name="TC05" duration-ms="9985" started-at="2021-01-29T09:04:15Z" data-provider="getDataForTest" finished-at="2021-01-29T09:04:25Z">
          <params>
            <param index="0">
              <value>
                <![CDATA[{msg_loginSeveralTimes=You have used 4 out of 5 login attempts. After all 5 have been used, you will be unable to login for 15 minutes.}]]>
              </value>
            </param>
          </params>
          <exception class="java.lang.AssertionError">
            <message>
              <![CDATA[expected [You have used 4 out of 5 login attempts. After all 5 have been used, you will be unable to login for 15 minutes.] but found [Invalid username or password. Please try again.]]]>
            </message>
            <full-stacktrace>
              <![CDATA[java.lang.AssertionError: expected [You have used 4 out of 5 login attempts. After all 5 have been used, you will be unable to login for 15 minutes.] but found [Invalid username or password. Please try again.]
at org.testng.Assert.fail(Assert.java:96)
at org.testng.Assert.failNotEquals(Assert.java:776)
at org.testng.Assert.assertEqualsImpl(Assert.java:137)
at org.testng.Assert.assertEquals(Assert.java:118)
at org.testng.Assert.assertEquals(Assert.java:453)
at org.testng.Assert.assertEquals(Assert.java:463)
at Testcases.RailWay.railways.TC05_LoginSeveralTimes.TC05(TC05_LoginSeveralTimes.java:31)
at sun.reflect.NativeMethodAccessorImpl.invoke0(Native Method)
at sun.reflect.NativeMethodAccessorImpl.invoke(NativeMethodAccessorImpl.java:62)
at sun.reflect.DelegatingMethodAccessorImpl.invoke(DelegatingMethodAccessorImpl.java:43)
at java.lang.reflect.Method.invoke(Method.java:498)
at org.testng.internal.MethodInvocationHelper.invokeMethod(MethodInvocationHelper.java:124)
at org.testng.internal.Invoker.invokeMethod(Invoker.java:583)
at org.testng.internal.Invoker.invokeTestMethod(Invoker.java:719)
at org.testng.internal.Invoker.invokeTestMethods(Invoker.java:989)
at org.testng.internal.TestMethodWorker.invokeTestMethods(TestMethodWorker.java:125)
at org.testng.internal.TestMethodWorker.run(TestMethodWorker.java:109)
at org.testng.TestRunner.privateRun(TestRunner.java:648)
at org.testng.TestRunner.run(TestRunner.java:505)
at org.testng.SuiteRunner.runTest(SuiteRunner.java:455)
at org.testng.SuiteRunner.runSequentially(SuiteRunner.java:450)
at org.testng.SuiteRunner.privateRun(SuiteRunner.java:415)
at org.testng.SuiteRunner.run(SuiteRunner.java:364)
at org.testng.SuiteRunnerWorker.runSuite(SuiteRunnerWorker.java:52)
at org.testng.SuiteRunnerWorker.run(SuiteRunnerWorker.java:84)
at org.testng.TestNG.runSuitesSequentially(TestNG.java:1208)
at org.testng.TestNG.runSuitesLocally(TestNG.java:1137)
at org.testng.TestNG.runSuites(TestNG.java:1049)
at org.testng.TestNG.run(TestNG.java:1017)
at com.intellij.rt.testng.IDEARemoteTestNG.run(IDEARemoteTestNG.java:66)
at com.intellij.rt.testng.RemoteTestNGStarter.main(RemoteTestNGStarter.java:109)
]]>
            </full-stacktrace>
          </exception> <!-- java.lang.AssertionError -->
          <reporter-output>
          </reporter-output>
        </test-method> <!-- TC05 -->
        <test-method status="PASS" signature="afterClass()[pri:0, instance:Testcases.RailWay.railways.TC05_LoginSeveralTimes@50c87b21]" name="afterClass" is-config="true" duration-ms="962" started-at="2021-01-29T09:04:25Z" finished-at="2021-01-29T09:04:26Z">
          <reporter-output>
          </reporter-output>
        </test-method> <!-- afterClass -->
      </class> <!-- Testcases.RailWay.railways.TC05_LoginSeveralTimes -->
      <class name="Testcases.RailWay.railways.TC04_LoginFromBookTicket">
        <test-method status="PASS" signature="beforeClass(java.lang.String)[pri:0, instance:Testcases.RailWay.railways.TC04_LoginFromBookTicket@6d78f375]" name="beforeClass" is-config="true" duration-ms="7722" started-at="2021-01-29T09:03:56Z" finished-at="2021-01-29T09:04:04Z">
          <params>
            <param index="0">
              <value>
                <![CDATA[Chrome]]>
              </value>
            </param>
          </params>
          <reporter-output>
          </reporter-output>
        </test-method> <!-- beforeClass -->
        <test-method status="PASS" signature="TC04(java.util.Hashtable)[pri:0, instance:Testcases.RailWay.railways.TC04_LoginFromBookTicket@6d78f375]" name="TC04" duration-ms="1300" started-at="2021-01-29T09:04:04Z" data-provider="getDataForTest" finished-at="2021-01-29T09:04:05Z">
          <params>
            <param index="0">
              <value>
                <![CDATA[{loginPage=Login Page}]]>
              </value>
            </param>
          </params>
          <reporter-output>
          </reporter-output>
        </test-method> <!-- TC04 -->
        <test-method status="PASS" signature="afterClass()[pri:0, instance:Testcases.RailWay.railways.TC04_LoginFromBookTicket@6d78f375]" name="afterClass" is-config="true" duration-ms="958" started-at="2021-01-29T09:04:05Z" finished-at="2021-01-29T09:04:06Z">
          <reporter-output>
          </reporter-output>
        </test-method> <!-- afterClass -->
      </class> <!-- Testcases.RailWay.railways.TC04_LoginFromBookTicket -->
      <class name="Testcases.RailWay.railways.TC08_LoginWithNotActivatedAccount">
        <test-method status="PASS" signature="beforeClass(java.lang.String)[pri:0, instance:Testcases.RailWay.railways.TC08_LoginWithNotActivatedAccount@32d992b2]" name="beforeClass" is-config="true" duration-ms="7832" started-at="2021-01-29T09:04:55Z" finished-at="2021-01-29T09:05:03Z">
          <params>
            <param index="0">
              <value>
                <![CDATA[Chrome]]>
              </value>
            </param>
          </params>
          <reporter-output>
          </reporter-output>
        </test-method> <!-- beforeClass -->
        <test-method status="PASS" signature="beforeTest()[pri:0, instance:Testcases.RailWay.railways.TC08_LoginWithNotActivatedAccount@32d992b2]" name="beforeTest" is-config="true" duration-ms="4410" started-at="2021-01-29T09:05:03Z" finished-at="2021-01-29T09:05:08Z">
          <reporter-output>
          </reporter-output>
        </test-method> <!-- beforeTest -->
        <test-method status="FAIL" signature="TC08(java.util.Hashtable)[pri:0, instance:Testcases.RailWay.railways.TC08_LoginWithNotActivatedAccount@32d992b2]" name="TC08" duration-ms="4155" started-at="2021-01-29T09:05:08Z" data-provider="getDataForTest" finished-at="2021-01-29T09:05:12Z">
          <params>
            <param index="0">
              <value>
                <![CDATA[{}]]>
              </value>
            </param>
          </params>
          <exception class="java.lang.AssertionError">
            <message>
              <![CDATA[expected [true] but found [false]]]>
            </message>
            <full-stacktrace>
              <![CDATA[java.lang.AssertionError: expected [true] but found [false]
at org.testng.Assert.fail(Assert.java:96)
at org.testng.Assert.failNotEquals(Assert.java:776)
at org.testng.Assert.assertTrue(Assert.java:44)
at org.testng.Assert.assertTrue(Assert.java:54)
at Testcases.RailWay.railways.TC08_LoginWithNotActivatedAccount.TC08(TC08_LoginWithNotActivatedAccount.java:47)
at sun.reflect.NativeMethodAccessorImpl.invoke0(Native Method)
at sun.reflect.NativeMethodAccessorImpl.invoke(NativeMethodAccessorImpl.java:62)
at sun.reflect.DelegatingMethodAccessorImpl.invoke(DelegatingMethodAccessorImpl.java:43)
at java.lang.reflect.Method.invoke(Method.java:498)
at org.testng.internal.MethodInvocationHelper.invokeMethod(MethodInvocationHelper.java:124)
at org.testng.internal.Invoker.invokeMethod(Invoker.java:583)
at org.testng.internal.Invoker.invokeTestMethod(Invoker.java:719)
at org.testng.internal.Invoker.invokeTestMethods(Invoker.java:989)
at org.testng.internal.TestMethodWorker.invokeTestMethods(TestMethodWorker.java:125)
at org.testng.internal.TestMethodWorker.run(TestMethodWorker.java:109)
at org.testng.TestRunner.privateRun(TestRunner.java:648)
at org.testng.TestRunner.run(TestRunner.java:505)
at org.testng.SuiteRunner.runTest(SuiteRunner.java:455)
at org.testng.SuiteRunner.runSequentially(SuiteRunner.java:450)
at org.testng.SuiteRunner.privateRun(SuiteRunner.java:415)
at org.testng.SuiteRunner.run(SuiteRunner.java:364)
at org.testng.SuiteRunnerWorker.runSuite(SuiteRunnerWorker.java:52)
at org.testng.SuiteRunnerWorker.run(SuiteRunnerWorker.java:84)
at org.testng.TestNG.runSuitesSequentially(TestNG.java:1208)
at org.testng.TestNG.runSuitesLocally(TestNG.java:1137)
at org.testng.TestNG.runSuites(TestNG.java:1049)
at org.testng.TestNG.run(TestNG.java:1017)
at com.intellij.rt.testng.IDEARemoteTestNG.run(IDEARemoteTestNG.java:66)
at com.intellij.rt.testng.RemoteTestNGStarter.main(RemoteTestNGStarter.java:109)
]]>
            </full-stacktrace>
          </exception> <!-- java.lang.AssertionError -->
          <reporter-output>
          </reporter-output>
        </test-method> <!-- TC08 -->
        <test-method status="PASS" signature="afterClass()[pri:0, instance:Testcases.RailWay.railways.TC08_LoginWithNotActivatedAccount@32d992b2]" name="afterClass" is-config="true" duration-ms="926" started-at="2021-01-29T09:05:12Z" finished-at="2021-01-29T09:05:13Z">
          <reporter-output>
          </reporter-output>
        </test-method> <!-- afterClass -->
      </class> <!-- Testcases.RailWay.railways.TC08_LoginWithNotActivatedAccount -->
      <class name="Testcases.RailWay.railways.TC11_RegisterWithInvalidAccount">
        <test-method status="PASS" signature="beforeClass(java.lang.String)[pri:0, instance:Testcases.RailWay.railways.TC11_RegisterWithInvalidAccount@5dfcfece]" name="beforeClass" is-config="true" duration-ms="7683" started-at="2021-01-29T09:05:48Z" finished-at="2021-01-29T09:05:55Z">
          <params>
            <param index="0">
              <value>
                <![CDATA[Chrome]]>
              </value>
            </param>
          </params>
          <reporter-output>
          </reporter-output>
        </test-method> <!-- beforeClass -->
        <test-method status="PASS" signature="TC11(java.util.Hashtable)[pri:0, instance:Testcases.RailWay.railways.TC11_RegisterWithInvalidAccount@5dfcfece]" name="TC11" duration-ms="4302" started-at="2021-01-29T09:05:55Z" data-provider="getDataForTest" finished-at="2021-01-29T09:05:59Z">
          <params>
            <param index="0">
              <value>
                <![CDATA[{IDLength=Invalid ID length, InvalidRegister=There're errors in the form. Please correct the errors and try again., PasswordLength=Invalid password length}]]>
              </value>
            </param>
          </params>
          <reporter-output>
          </reporter-output>
        </test-method> <!-- TC11 -->
        <test-method status="PASS" signature="afterClass()[pri:0, instance:Testcases.RailWay.railways.TC11_RegisterWithInvalidAccount@5dfcfece]" name="afterClass" is-config="true" duration-ms="979" started-at="2021-01-29T09:05:59Z" finished-at="2021-01-29T09:06:00Z">
          <reporter-output>
          </reporter-output>
        </test-method> <!-- afterClass -->
      </class> <!-- Testcases.RailWay.railways.TC11_RegisterWithInvalidAccount -->
      <class name="Testcases.RailWay.railways.TC07_CreateAccount">
        <test-method status="PASS" signature="beforeClass(java.lang.String)[pri:0, instance:Testcases.RailWay.railways.TC07_CreateAccount@1810399e]" name="beforeClass" is-config="true" duration-ms="7868" started-at="2021-01-29T09:04:41Z" finished-at="2021-01-29T09:04:49Z">
          <params>
            <param index="0">
              <value>
                <![CDATA[Chrome]]>
              </value>
            </param>
          </params>
          <reporter-output>
          </reporter-output>
        </test-method> <!-- beforeClass -->
        <test-method status="PASS" signature="TC07(java.util.Hashtable)[pri:0, instance:Testcases.RailWay.railways.TC07_CreateAccount@1810399e]" name="TC07" duration-ms="4534" started-at="2021-01-29T09:04:49Z" data-provider="getDataForTest" finished-at="2021-01-29T09:04:54Z">
          <params>
            <param index="0">
              <value>
                <![CDATA[{registrationConfirmed=Registration Confirmed! You can now log in to the site.}]]>
              </value>
            </param>
          </params>
          <reporter-output>
          </reporter-output>
        </test-method> <!-- TC07 -->
        <test-method status="PASS" signature="afterClass()[pri:0, instance:Testcases.RailWay.railways.TC07_CreateAccount@1810399e]" name="afterClass" is-config="true" duration-ms="1534" started-at="2021-01-29T09:04:54Z" finished-at="2021-01-29T09:04:55Z">
          <reporter-output>
          </reporter-output>
        </test-method> <!-- afterClass -->
      </class> <!-- Testcases.RailWay.railways.TC07_CreateAccount -->
      <class name="Testcases.RailWay.railways.TC09_ChangeNewPassword">
        <test-method status="PASS" signature="beforeClass(java.lang.String)[pri:0, instance:Testcases.RailWay.railways.TC09_ChangeNewPassword@215be6bb]" name="beforeClass" is-config="true" duration-ms="7854" started-at="2021-01-29T09:05:13Z" finished-at="2021-01-29T09:05:21Z">
          <params>
            <param index="0">
              <value>
                <![CDATA[Chrome]]>
              </value>
            </param>
          </params>
          <reporter-output>
          </reporter-output>
        </test-method> <!-- beforeClass -->
        <test-method status="PASS" signature="beforeTest()[pri:0, instance:Testcases.RailWay.railways.TC09_ChangeNewPassword@215be6bb]" name="beforeTest" is-config="true" duration-ms="4398" started-at="2021-01-29T09:05:21Z" finished-at="2021-01-29T09:05:25Z">
          <reporter-output>
          </reporter-output>
        </test-method> <!-- beforeTest -->
        <test-method status="PASS" signature="TC09(java.util.Hashtable)[pri:0, instance:Testcases.RailWay.railways.TC09_ChangeNewPassword@215be6bb]" name="TC09" duration-ms="8318" started-at="2021-01-29T09:05:25Z" data-provider="getDataForTest" finished-at="2021-01-29T09:05:33Z">
          <params>
            <param index="0">
              <value>
                <![CDATA[{passwordChanged=Your password has been updated!}]]>
              </value>
            </param>
          </params>
          <reporter-output>
          </reporter-output>
        </test-method> <!-- TC09 -->
        <test-method status="PASS" signature="afterClass()[pri:0, instance:Testcases.RailWay.railways.TC09_ChangeNewPassword@215be6bb]" name="afterClass" is-config="true" duration-ms="961" started-at="2021-01-29T09:05:33Z" finished-at="2021-01-29T09:05:34Z">
          <reporter-output>
          </reporter-output>
        </test-method> <!-- afterClass -->
      </class> <!-- Testcases.RailWay.railways.TC09_ChangeNewPassword -->
      <class name="Testcases.RailWay.railways.TC14_BookTicket">
        <test-method status="PASS" signature="beforeClass(java.lang.String)[pri:0, instance:Testcases.RailWay.railways.TC14_BookTicket@23ceabc1]" name="beforeClass" is-config="true" duration-ms="7770" started-at="2021-01-29T09:06:00Z" finished-at="2021-01-29T09:06:08Z">
          <params>
            <param index="0">
              <value>
                <![CDATA[Chrome]]>
              </value>
            </param>
          </params>
          <reporter-output>
          </reporter-output>
        </test-method> <!-- beforeClass -->
        <test-method status="PASS" signature="beforeTest()[pri:0, instance:Testcases.RailWay.railways.TC14_BookTicket@23ceabc1]" name="beforeTest" is-config="true" duration-ms="4358" started-at="2021-01-29T09:06:08Z" finished-at="2021-01-29T09:06:13Z">
          <reporter-output>
          </reporter-output>
        </test-method> <!-- beforeTest -->
        <test-method status="PASS" signature="TC14(java.util.Hashtable)[pri:0, instance:Testcases.RailWay.railways.TC14_BookTicket@23ceabc1]" name="TC14" duration-ms="9578" started-at="2021-01-29T09:06:13Z" data-provider="getDataForTest" finished-at="2021-01-29T09:06:22Z">
          <params>
            <param index="0">
              <value>
                <![CDATA[{departFrom=Phan Thiết, ticketAmount=1, arriveAt=Nha Trang, departDate=2/4/2021, bookedTicket=Ticket booked successfully!, seatType=Hard bed}]]>
              </value>
            </param>
          </params>
          <reporter-output>
          </reporter-output>
        </test-method> <!-- TC14 -->
        <test-method status="PASS" signature="afterClass()[pri:0, instance:Testcases.RailWay.railways.TC14_BookTicket@23ceabc1]" name="afterClass" is-config="true" duration-ms="975" started-at="2021-01-29T09:06:22Z" finished-at="2021-01-29T09:06:23Z">
          <reporter-output>
          </reporter-output>
        </test-method> <!-- afterClass -->
      </class> <!-- Testcases.RailWay.railways.TC14_BookTicket -->
      <class name="Testcases.RailWay.railways.TC16_CancelTicket">
        <test-method status="PASS" signature="beforeClass(java.lang.String)[pri:0, instance:Testcases.RailWay.railways.TC16_CancelTicket@56f4468b]" name="beforeClass" is-config="true" duration-ms="7671" started-at="2021-01-29T09:06:42Z" finished-at="2021-01-29T09:06:50Z">
          <params>
            <param index="0">
              <value>
                <![CDATA[Chrome]]>
              </value>
            </param>
          </params>
          <reporter-output>
          </reporter-output>
        </test-method> <!-- beforeClass -->
        <test-method status="PASS" signature="beforeMethod()[pri:0, instance:Testcases.RailWay.railways.TC16_CancelTicket@56f4468b]" name="beforeMethod" is-config="true" duration-ms="4273" started-at="2021-01-29T09:06:50Z" finished-at="2021-01-29T09:06:54Z">
          <reporter-output>
          </reporter-output>
        </test-method> <!-- beforeMethod -->
        <test-method status="PASS" signature="TC16(java.util.Hashtable)[pri:0, instance:Testcases.RailWay.railways.TC16_CancelTicket@56f4468b]" name="TC16" duration-ms="11597" started-at="2021-01-29T09:06:54Z" data-provider="getDataForTest" finished-at="2021-01-29T09:07:06Z">
          <params>
            <param index="0">
              <value>
                <![CDATA[{departFrom=Phan Thiết, ticketAmount=1, arriveAt=Nha Trang, departDate=2/4/2021, seatType=Hard bed}]]>
              </value>
            </param>
          </params>
          <reporter-output>
          </reporter-output>
        </test-method> <!-- TC16 -->
        <test-method status="PASS" signature="afterClass()[pri:0, instance:Testcases.RailWay.railways.TC16_CancelTicket@56f4468b]" name="afterClass" is-config="true" duration-ms="941" started-at="2021-01-29T09:07:06Z" finished-at="2021-01-29T09:07:07Z">
          <reporter-output>
          </reporter-output>
        </test-method> <!-- afterClass -->
      </class> <!-- Testcases.RailWay.railways.TC16_CancelTicket -->
      <class name="Testcases.RailWay.railways.TC06_HomeLogged">
        <test-method status="PASS" signature="beforeClass(java.lang.String)[pri:0, instance:Testcases.RailWay.railways.TC06_HomeLogged@5f375618]" name="beforeClass" is-config="true" duration-ms="7825" started-at="2021-01-29T09:04:26Z" finished-at="2021-01-29T09:04:34Z">
          <params>
            <param index="0">
              <value>
                <![CDATA[Chrome]]>
              </value>
            </param>
          </params>
          <reporter-output>
          </reporter-output>
        </test-method> <!-- beforeClass -->
        <test-method status="PASS" signature="TC06(java.util.Hashtable)[pri:0, instance:Testcases.RailWay.railways.TC06_HomeLogged@5f375618]" name="TC06" duration-ms="6702" started-at="2021-01-29T09:04:34Z" data-provider="getDataForTest" finished-at="2021-01-29T09:04:40Z">
          <params>
            <param index="0">
              <value>
                <![CDATA[{changePassword=Change password, myTicketPage=Manage Tickets}]]>
              </value>
            </param>
          </params>
          <reporter-output>
          </reporter-output>
        </test-method> <!-- TC06 -->
        <test-method status="PASS" signature="afterClass()[pri:0, instance:Testcases.RailWay.railways.TC06_HomeLogged@5f375618]" name="afterClass" is-config="true" duration-ms="982" started-at="2021-01-29T09:04:40Z" finished-at="2021-01-29T09:04:41Z">
          <reporter-output>
          </reporter-output>
        </test-method> <!-- afterClass -->
      </class> <!-- Testcases.RailWay.railways.TC06_HomeLogged -->
      <class name="Testcases.RailWay.railways.TC15_BookTicketFrTrainTimetable">
        <test-method status="PASS" signature="beforeClass(java.lang.String)[pri:0, instance:Testcases.RailWay.railways.TC15_BookTicketFrTrainTimetable@5d5eef3d]" name="beforeClass" is-config="true" duration-ms="7714" started-at="2021-01-29T09:06:23Z" finished-at="2021-01-29T09:06:31Z">
          <params>
            <param index="0">
              <value>
                <![CDATA[Chrome]]>
              </value>
            </param>
          </params>
          <reporter-output>
          </reporter-output>
        </test-method> <!-- beforeClass -->
        <test-method status="PASS" signature="beforeMethod()[pri:0, instance:Testcases.RailWay.railways.TC15_BookTicketFrTrainTimetable@5d5eef3d]" name="beforeMethod" is-config="true" duration-ms="4416" started-at="2021-01-29T09:06:31Z" finished-at="2021-01-29T09:06:35Z">
          <reporter-output>
          </reporter-output>
        </test-method> <!-- beforeMethod -->
        <test-method status="PASS" signature="TC15(java.util.Hashtable)[pri:0, instance:Testcases.RailWay.railways.TC15_BookTicketFrTrainTimetable@5d5eef3d]" name="TC15" duration-ms="5995" started-at="2021-01-29T09:06:35Z" data-provider="getDataForTest" finished-at="2021-01-29T09:06:41Z">
          <params>
            <param index="0">
              <value>
                <![CDATA[{departFrom=Huế, departArrive=Sài Gòn}]]>
              </value>
            </param>
          </params>
          <reporter-output>
          </reporter-output>
        </test-method> <!-- TC15 -->
        <test-method status="PASS" signature="afterClass()[pri:0, instance:Testcases.RailWay.railways.TC15_BookTicketFrTrainTimetable@5d5eef3d]" name="afterClass" is-config="true" duration-ms="961" started-at="2021-01-29T09:06:41Z" finished-at="2021-01-29T09:06:42Z">
          <reporter-output>
          </reporter-output>
        </test-method> <!-- afterClass -->
      </class> <!-- Testcases.RailWay.railways.TC15_BookTicketFrTrainTimetable -->
      <class name="Testcases.RailWay.railways.TC10_RegisterWithInvalidAccount">
        <test-method status="PASS" signature="beforeClass(java.lang.String)[pri:0, instance:Testcases.RailWay.railways.TC10_RegisterWithInvalidAccount@4439f31e]" name="beforeClass" is-config="true" duration-ms="7605" started-at="2021-01-29T09:05:34Z" finished-at="2021-01-29T09:05:42Z">
          <params>
            <param index="0">
              <value>
                <![CDATA[Chrome]]>
              </value>
            </param>
          </params>
          <reporter-output>
          </reporter-output>
        </test-method> <!-- beforeClass -->
        <test-method status="PASS" signature="TC10(java.util.Hashtable)[pri:0, instance:Testcases.RailWay.railways.TC10_RegisterWithInvalidAccount@4439f31e]" name="TC10" duration-ms="4649" started-at="2021-01-29T09:05:42Z" data-provider="getDataForTest" finished-at="2021-01-29T09:05:47Z">
          <params>
            <param index="0">
              <value>
                <![CDATA[{InvalidRegister=There're errors in the form. Please correct the errors and try again.}]]>
              </value>
            </param>
          </params>
          <reporter-output>
          </reporter-output>
        </test-method> <!-- TC10 -->
        <test-method status="PASS" signature="afterClass()[pri:0, instance:Testcases.RailWay.railways.TC10_RegisterWithInvalidAccount@4439f31e]" name="afterClass" is-config="true" duration-ms="971" started-at="2021-01-29T09:05:47Z" finished-at="2021-01-29T09:05:48Z">
          <reporter-output>
          </reporter-output>
        </test-method> <!-- afterClass -->
      </class> <!-- Testcases.RailWay.railways.TC10_RegisterWithInvalidAccount -->
      <class name="Testcases.RailWay.railways.TC02_LoginWithBlankUsername">
        <test-method status="PASS" signature="beforeClass(java.lang.String)[pri:0, instance:Testcases.RailWay.railways.TC02_LoginWithBlankUsername@7ac7a4e4]" name="beforeClass" is-config="true" duration-ms="7761" started-at="2021-01-29T09:03:44Z" finished-at="2021-01-29T09:03:51Z">
          <params>
            <param index="0">
              <value>
                <![CDATA[Chrome]]>
              </value>
            </param>
          </params>
          <reporter-output>
          </reporter-output>
        </test-method> <!-- beforeClass -->
        <test-method status="PASS" signature="TC02(java.util.Hashtable)[pri:0, instance:Testcases.RailWay.railways.TC02_LoginWithBlankUsername@7ac7a4e4]" name="TC02" duration-ms="3686" started-at="2021-01-29T09:03:51Z" data-provider="getDataForTest" finished-at="2021-01-29T09:03:55Z">
          <params>
            <param index="0">
              <value>
                <![CDATA[{msg_BlankLogin=There was a problem with your login and/or errors exist in your form.}]]>
              </value>
            </param>
          </params>
          <reporter-output>
          </reporter-output>
        </test-method> <!-- TC02 -->
        <test-method status="PASS" signature="afterClass()[pri:0, instance:Testcases.RailWay.railways.TC02_LoginWithBlankUsername@7ac7a4e4]" name="afterClass" is-config="true" duration-ms="994" started-at="2021-01-29T09:03:55Z" finished-at="2021-01-29T09:03:56Z">
          <reporter-output>
          </reporter-output>
        </test-method> <!-- afterClass -->
      </class> <!-- Testcases.RailWay.railways.TC02_LoginWithBlankUsername -->
      <class name="Testcases.RailWay.railways.TC01_LoginWithValidAccount">
        <test-method status="PASS" signature="beforeClass(java.lang.String)[pri:0, instance:Testcases.RailWay.railways.TC01_LoginWithValidAccount@548b7f67]" name="beforeClass" is-config="true" duration-ms="10959" started-at="2021-01-29T09:03:26Z" finished-at="2021-01-29T09:03:36Z">
          <params>
            <param index="0">
              <value>
                <![CDATA[Chrome]]>
              </value>
            </param>
          </params>
          <reporter-output>
          </reporter-output>
        </test-method> <!-- beforeClass -->
        <test-method status="PASS" signature="TC01(java.util.Hashtable)[pri:0, instance:Testcases.RailWay.railways.TC01_LoginWithValidAccount@548b7f67]" name="TC01" duration-ms="6121" started-at="2021-01-29T09:03:37Z" data-provider="getDataForTest" finished-at="2021-01-29T09:03:43Z">
          <params>
            <param index="0">
              <value>
                <![CDATA[{password=123456789, username=thanh123@logigear.com}]]>
              </value>
            </param>
          </params>
          <reporter-output>
          </reporter-output>
        </test-method> <!-- TC01 -->
        <test-method status="PASS" signature="afterClass()[pri:0, instance:Testcases.RailWay.railways.TC01_LoginWithValidAccount@548b7f67]" name="afterClass" is-config="true" duration-ms="968" started-at="2021-01-29T09:03:43Z" finished-at="2021-01-29T09:03:44Z">
          <reporter-output>
          </reporter-output>
        </test-method> <!-- afterClass -->
      </class> <!-- Testcases.RailWay.railways.TC01_LoginWithValidAccount -->
    </test> <!-- Test -->
  </suite> <!-- Railway -->
</testng-results>
